<?xml version="1.0" encoding="UTF-8"?>
<!-- Generated by org.testng.reporters.JUnitReportReporter -->
<testsuite skipped="0" hostname="MSI" name="com.testcase.blackbox.BlackBoxTest.TestSearchProduct" tests="5" failures="0" timestamp="27 Nov 2023 15:45:43 GMT" time="24.705" errors="0">
  <testcase name="searchWithOptionTrue" time="4.623" classname="com.testcase.blackbox.BlackBoxTest.TestSearchProduct"/>
  <testcase name="searchWithOptionResulNull" time="6.142" classname="com.testcase.blackbox.BlackBoxTest.TestSearchProduct"/>
  <testcase name="searchWithOptionInputNull" time="2.513" classname="com.testcase.blackbox.BlackBoxTest.TestSearchProduct"/>
  <testcase name="searchWithOptionInputNotCaseSensitive" time="4.516" classname="com.testcase.blackbox.BlackBoxTest.TestSearchProduct"/>
  <testcase name="searchWithOptionFilterNoResult" time="6.911" classname="com.testcase.blackbox.BlackBoxTest.TestSearchProduct"/>
</testsuite> <!-- com.testcase.blackbox.BlackBoxTest.TestSearchProduct -->
