<?xml version="1.0" encoding="UTF-8"?>
<!-- Generated by org.testng.reporters.JUnitReportReporter -->
<testsuite skipped="0" hostname="MSI" name="com.testcase.blackbox.BlackBoxTest.TestLogin" tests="5" failures="0" timestamp="27 Nov 2023 11:59:52 GMT" time="14.209" errors="0">
  <testcase name="loginWithValidCredentials" time="5.031" classname="com.testcase.blackbox.BlackBoxTest.TestLogin"/>
  <testcase name="loginWithNonexistentUser" time="3.056" classname="com.testcase.blackbox.BlackBoxTest.TestLogin"/>
  <testcase name="validateFunctionWithShortCredentials" time="2.078" classname="com.testcase.blackbox.BlackBoxTest.TestLogin"/>
  <testcase name="validateFunctionWithNumericUsername" time="2.017" classname="com.testcase.blackbox.BlackBoxTest.TestLogin"/>
  <testcase name="validateFunctionWithEmptyCredentials" time="2.027" classname="com.testcase.blackbox.BlackBoxTest.TestLogin"/>
</testsuite> <!-- com.testcase.blackbox.BlackBoxTest.TestLogin -->
