<?xml version="1.0" encoding="UTF-8"?>
<!-- Generated by org.testng.reporters.JUnitReportReporter -->
<testsuite skipped="0" hostname="MSI" name="com.testcase.blackbox.BlackBoxTest.TestRemoveProduct" tests="2" failures="0" timestamp="27 Nov 2023 14:35:27 GMT" time="13.568" errors="0">
  <testcase name="removeAndAccept" time="6.363" classname="com.testcase.blackbox.BlackBoxTest.TestRemoveProduct"/>
  <testcase name="removeAndDismiss" time="7.205" classname="com.testcase.blackbox.BlackBoxTest.TestRemoveProduct"/>
</testsuite> <!-- com.testcase.blackbox.BlackBoxTest.TestRemoveProduct -->
