<?xml version="1.0" encoding="UTF-8"?>
<!-- Generated by org.testng.reporters.JUnitReportReporter -->
<testsuite skipped="0" hostname="MSI" name="com.testcase.blackbox.BlackBoxTest.TestUpdateProduct" tests="5" failures="0" timestamp="27 Nov 2023 15:00:31 GMT" time="34.194" errors="0">
  <testcase name="updateAllInformation" time="7.004" classname="com.testcase.blackbox.BlackBoxTest.TestUpdateProduct"/>
  <testcase name="updateSomeInformation" time="6.706" classname="com.testcase.blackbox.BlackBoxTest.TestUpdateProduct"/>
  <testcase name="updateWithNullInfomation" time="6.593" classname="com.testcase.blackbox.BlackBoxTest.TestUpdateProduct"/>
  <testcase name="updateWithIDNoneExist" time="7.139" classname="com.testcase.blackbox.BlackBoxTest.TestUpdateProduct"/>
  <testcase name="updateWithValueInvalid" time="6.752" classname="com.testcase.blackbox.BlackBoxTest.TestUpdateProduct"/>
</testsuite> <!-- com.testcase.blackbox.BlackBoxTest.TestUpdateProduct -->
